{"/Users/lanakonstantinova/Desktop/frontend-project-46/src/index.js": {"path":"/Users/lanakonstantinova/Desktop/frontend-project-46/src/index.js","all":false,"statementMap":{"0":{"start":{"line":1,"column":0},"end":{"line":1,"column":20}},"1":{"start":{"line":2,"column":0},"end":{"line":2,"column":24}},"2":{"start":{"line":3,"column":0},"end":{"line":3,"column":30}},"3":{"start":{"line":4,"column":0},"end":{"line":4,"column":23}},"4":{"start":{"line":5,"column":0},"end":{"line":5,"column":0}},"5":{"start":{"line":6,"column":0},"end":{"line":6,"column":39}},"6":{"start":{"line":7,"column":0},"end":{"line":7,"column":32}},"7":{"start":{"line":8,"column":0},"end":{"line":8,"column":41}},"8":{"start":{"line":9,"column":0},"end":{"line":9,"column":2}},"9":{"start":{"line":10,"column":0},"end":{"line":10,"column":0}},"10":{"start":{"line":11,"column":0},"end":{"line":11,"column":32}},"11":{"start":{"line":12,"column":0},"end":{"line":12,"column":44}},"12":{"start":{"line":13,"column":0},"end":{"line":13,"column":52}},"13":{"start":{"line":14,"column":0},"end":{"line":14,"column":29}},"14":{"start":{"line":15,"column":0},"end":{"line":15,"column":2}},"15":{"start":{"line":16,"column":0},"end":{"line":16,"column":0}},"16":{"start":{"line":17,"column":0},"end":{"line":17,"column":40}},"17":{"start":{"line":18,"column":0},"end":{"line":18,"column":73}},"18":{"start":{"line":19,"column":0},"end":{"line":19,"column":41}},"19":{"start":{"line":20,"column":0},"end":{"line":20,"column":30}},"20":{"start":{"line":21,"column":0},"end":{"line":21,"column":30}},"21":{"start":{"line":22,"column":0},"end":{"line":22,"column":15}},"22":{"start":{"line":23,"column":0},"end":{"line":23,"column":36}},"23":{"start":{"line":24,"column":0},"end":{"line":24,"column":38}},"24":{"start":{"line":25,"column":0},"end":{"line":25,"column":40}},"25":{"start":{"line":26,"column":0},"end":{"line":26,"column":28}},"26":{"start":{"line":27,"column":0},"end":{"line":27,"column":16}},"27":{"start":{"line":28,"column":0},"end":{"line":28,"column":30}},"28":{"start":{"line":29,"column":0},"end":{"line":29,"column":31}},"29":{"start":{"line":30,"column":0},"end":{"line":30,"column":30}},"30":{"start":{"line":31,"column":0},"end":{"line":31,"column":31}},"31":{"start":{"line":32,"column":0},"end":{"line":32,"column":9}},"32":{"start":{"line":33,"column":0},"end":{"line":33,"column":14}},"33":{"start":{"line":34,"column":0},"end":{"line":34,"column":28}},"34":{"start":{"line":35,"column":0},"end":{"line":35,"column":29}},"35":{"start":{"line":36,"column":0},"end":{"line":36,"column":7}},"36":{"start":{"line":37,"column":0},"end":{"line":37,"column":12}},"37":{"start":{"line":38,"column":0},"end":{"line":38,"column":26}},"38":{"start":{"line":39,"column":0},"end":{"line":39,"column":27}},"39":{"start":{"line":40,"column":0},"end":{"line":40,"column":5}},"40":{"start":{"line":41,"column":0},"end":{"line":41,"column":15}},"41":{"start":{"line":42,"column":0},"end":{"line":42,"column":9}},"42":{"start":{"line":43,"column":0},"end":{"line":43,"column":0}},"43":{"start":{"line":44,"column":0},"end":{"line":44,"column":13}},"44":{"start":{"line":45,"column":0},"end":{"line":45,"column":2}},"45":{"start":{"line":46,"column":0},"end":{"line":46,"column":0}},"46":{"start":{"line":47,"column":0},"end":{"line":47,"column":43}},"47":{"start":{"line":48,"column":0},"end":{"line":48,"column":123}},"48":{"start":{"line":49,"column":0},"end":{"line":49,"column":56}},"49":{"start":{"line":50,"column":0},"end":{"line":50,"column":56}},"50":{"start":{"line":51,"column":0},"end":{"line":51,"column":69}},"51":{"start":{"line":52,"column":0},"end":{"line":52,"column":2}},"52":{"start":{"line":53,"column":0},"end":{"line":53,"column":0}},"53":{"start":{"line":54,"column":0},"end":{"line":54,"column":23}}},"s":{"0":1,"1":1,"2":1,"3":1,"4":1,"5":1,"6":4,"7":4,"8":4,"9":1,"10":1,"11":2,"12":2,"13":2,"14":2,"15":1,"16":1,"17":1,"18":1,"19":9,"20":9,"21":9,"22":9,"23":2,"24":2,"25":2,"26":2,"27":2,"28":2,"29":2,"30":2,"31":2,"32":2,"33":2,"34":2,"35":2,"36":2,"37":2,"38":2,"39":2,"40":9,"41":1,"42":1,"43":1,"44":1,"45":1,"46":1,"47":2,"48":1,"49":1,"50":1,"51":1,"52":1,"53":1},"branchMap":{"0":{"type":"branch","line":6,"loc":{"start":{"line":6,"column":25},"end":{"line":9,"column":2}},"locations":[{"start":{"line":6,"column":25},"end":{"line":9,"column":2}}]},"1":{"type":"branch","line":11,"loc":{"start":{"line":11,"column":18},"end":{"line":15,"column":2}},"locations":[{"start":{"line":11,"column":18},"end":{"line":15,"column":2}}]},"2":{"type":"branch","line":17,"loc":{"start":{"line":17,"column":21},"end":{"line":45,"column":2}},"locations":[{"start":{"line":17,"column":21},"end":{"line":45,"column":2}}]},"3":{"type":"branch","line":19,"loc":{"start":{"line":19,"column":26},"end":{"line":42,"column":5}},"locations":[{"start":{"line":19,"column":26},"end":{"line":42,"column":5}}]},"4":{"type":"branch","line":23,"loc":{"start":{"line":23,"column":35},"end":{"line":37,"column":11}},"locations":[{"start":{"line":23,"column":35},"end":{"line":37,"column":11}}]},"5":{"type":"branch","line":24,"loc":{"start":{"line":24,"column":37},"end":{"line":33,"column":13}},"locations":[{"start":{"line":24,"column":37},"end":{"line":33,"column":13}}]},"6":{"type":"branch","line":25,"loc":{"start":{"line":25,"column":39},"end":{"line":32,"column":9}},"locations":[{"start":{"line":25,"column":39},"end":{"line":32,"column":9}}]},"7":{"type":"branch","line":24,"loc":{"start":{"line":24,"column":6},"end":{"line":36,"column":7}},"locations":[{"start":{"line":24,"column":6},"end":{"line":36,"column":7}}]},"8":{"type":"branch","line":23,"loc":{"start":{"line":23,"column":4},"end":{"line":40,"column":5}},"locations":[{"start":{"line":23,"column":4},"end":{"line":40,"column":5}}]},"9":{"type":"branch","line":47,"loc":{"start":{"line":47,"column":16},"end":{"line":52,"column":2}},"locations":[{"start":{"line":47,"column":16},"end":{"line":52,"column":2}}]},"10":{"type":"branch","line":48,"loc":{"start":{"line":48,"column":90},"end":{"line":52,"column":2}},"locations":[{"start":{"line":48,"column":90},"end":{"line":52,"column":2}}]}},"b":{"0":[4],"1":[2],"2":[1],"3":[9],"4":[7],"5":[4],"6":[2],"7":[3],"8":[2],"9":[2],"10":[1]},"fnMap":{"0":{"name":"getAbsolutePath","decl":{"start":{"line":6,"column":25},"end":{"line":9,"column":2}},"loc":{"start":{"line":6,"column":25},"end":{"line":9,"column":2}},"line":6},"1":{"name":"readFile","decl":{"start":{"line":11,"column":18},"end":{"line":15,"column":2}},"loc":{"start":{"line":11,"column":18},"end":{"line":15,"column":2}},"line":11},"2":{"name":"compareFiles","decl":{"start":{"line":17,"column":21},"end":{"line":45,"column":2}},"loc":{"start":{"line":17,"column":21},"end":{"line":45,"column":2}},"line":17},"3":{"name":"genDiff","decl":{"start":{"line":47,"column":16},"end":{"line":52,"column":2}},"loc":{"start":{"line":47,"column":16},"end":{"line":52,"column":2}},"line":47}},"f":{"0":4,"1":2,"2":1,"3":2}}
}
