TN:
SF:src/index.js
FN:6,getAbsolutePath
FN:11,readFile
FN:17,compareFiles
FN:47,genDiff
FNF:4
FNH:4
FNDA:4,getAbsolutePath
FNDA:2,readFile
FNDA:1,compareFiles
FNDA:2,genDiff
DA:1,1
DA:2,1
DA:3,1
DA:4,1
DA:5,1
DA:6,1
DA:7,4
DA:8,4
DA:9,4
DA:10,1
DA:11,1
DA:12,2
DA:13,2
DA:14,2
DA:15,2
DA:16,1
DA:17,1
DA:18,1
DA:19,1
DA:20,9
DA:21,9
DA:22,9
DA:23,9
DA:24,2
DA:25,2
DA:26,2
DA:27,2
DA:28,2
DA:29,2
DA:30,2
DA:31,2
DA:32,2
DA:33,2
DA:34,2
DA:35,2
DA:36,2
DA:37,2
DA:38,2
DA:39,2
DA:40,2
DA:41,9
DA:42,1
DA:43,1
DA:44,1
DA:45,1
DA:46,1
DA:47,1
DA:48,2
DA:49,1
DA:50,1
DA:51,1
DA:52,1
DA:53,1
DA:54,1
LF:54
LH:54
BRDA:6,0,0,4
BRDA:11,1,0,2
BRDA:17,2,0,1
BRDA:19,3,0,9
BRDA:23,4,0,7
BRDA:24,5,0,4
BRDA:25,6,0,2
BRDA:24,7,0,3
BRDA:23,8,0,2
BRDA:47,9,0,2
BRDA:48,10,0,1
BRF:11
BRH:11
end_of_record
